{"C:\\Users\\welin\\Github\\Personal\\course-react-zero-to-expert\\02-first-steps\\src\\FirstStepsApp.tsx": {"path":"C:\\Users\\welin\\Github\\Personal\\course-react-zero-to-expert\\02-first-steps\\src\\FirstStepsApp.tsx","all":false,"statementMap":{"0":{"start":{"line":1,"column":0},"end":{"line":1,"column":23}},"2":{"start":{"line":3,"column":0},"end":{"line":3,"column":58}},"10":{"start":{"line":11,"column":0},"end":{"line":11,"column":35}},"11":{"start":{"line":12,"column":0},"end":{"line":12,"column":55}},"12":{"start":{"line":13,"column":0},"end":{"line":13,"column":52}},"13":{"start":{"line":14,"column":0},"end":{"line":14,"column":57}},"14":{"start":{"line":15,"column":0},"end":{"line":15,"column":56}},"15":{"start":{"line":16,"column":0},"end":{"line":16,"column":2}},"17":{"start":{"line":18,"column":0},"end":{"line":18,"column":33}},"18":{"start":{"line":19,"column":0},"end":{"line":19,"column":10}},"19":{"start":{"line":20,"column":0},"end":{"line":20,"column":6}},"20":{"start":{"line":21,"column":0},"end":{"line":21,"column":28}},"22":{"start":{"line":23,"column":0},"end":{"line":23,"column":59}},"23":{"start":{"line":24,"column":0},"end":{"line":24,"column":71}},"27":{"start":{"line":28,"column":0},"end":{"line":28,"column":1}},"29":{"start":{"line":30,"column":0},"end":{"line":30,"column":57}},"30":{"start":{"line":31,"column":0},"end":{"line":31,"column":33}}},"s":{"0":1,"2":1,"10":1,"11":1,"12":1,"13":1,"14":1,"15":1,"17":1,"18":3,"19":3,"20":3,"22":3,"23":3,"27":3,"29":1,"30":1},"branchMap":{"0":{"type":"branch","line":18,"loc":{"start":{"line":18,"column":7},"end":{"line":28,"column":1}},"locations":[{"start":{"line":18,"column":7},"end":{"line":28,"column":1}}]}},"b":{"0":[3]},"fnMap":{"0":{"name":"FirstStepsApp","decl":{"start":{"line":18,"column":7},"end":{"line":28,"column":1}},"loc":{"start":{"line":18,"column":7},"end":{"line":28,"column":1}},"line":18}},"f":{"0":3}}
,"C:\\Users\\welin\\Github\\Personal\\course-react-zero-to-expert\\02-first-steps\\src\\MyAwesomeApp.tsx": {"path":"C:\\Users\\welin\\Github\\Personal\\course-react-zero-to-expert\\02-first-steps\\src\\MyAwesomeApp.tsx","all":false,"statementMap":{"0":{"start":{"line":1,"column":0},"end":{"line":1,"column":35}},"1":{"start":{"line":2,"column":0},"end":{"line":2,"column":13}},"2":{"start":{"line":3,"column":0},"end":{"line":3,"column":9}},"3":{"start":{"line":4,"column":0},"end":{"line":4,"column":26}},"4":{"start":{"line":5,"column":0},"end":{"line":5,"column":26}},"5":{"start":{"line":6,"column":0},"end":{"line":6,"column":10}},"6":{"start":{"line":7,"column":0},"end":{"line":7,"column":7}},"7":{"start":{"line":8,"column":0},"end":{"line":8,"column":4}},"11":{"start":{"line":12,"column":0},"end":{"line":12,"column":29}},"12":{"start":{"line":13,"column":0},"end":{"line":13,"column":28}},"14":{"start":{"line":15,"column":0},"end":{"line":15,"column":64}},"15":{"start":{"line":16,"column":0},"end":{"line":16,"column":23}},"17":{"start":{"line":18,"column":0},"end":{"line":18,"column":17}},"18":{"start":{"line":19,"column":0},"end":{"line":19,"column":17}},"19":{"start":{"line":20,"column":0},"end":{"line":20,"column":21}},"20":{"start":{"line":21,"column":0},"end":{"line":21,"column":2}},"22":{"start":{"line":23,"column":0},"end":{"line":23,"column":103}},"24":{"start":{"line":25,"column":0},"end":{"line":25,"column":35}},"25":{"start":{"line":26,"column":0},"end":{"line":26,"column":10}},"26":{"start":{"line":27,"column":0},"end":{"line":27,"column":31}},"27":{"start":{"line":28,"column":0},"end":{"line":28,"column":59}},"28":{"start":{"line":29,"column":0},"end":{"line":29,"column":27}},"30":{"start":{"line":31,"column":0},"end":{"line":31,"column":20}},"31":{"start":{"line":32,"column":0},"end":{"line":32,"column":71}},"33":{"start":{"line":34,"column":0},"end":{"line":34,"column":51}},"35":{"start":{"line":36,"column":0},"end":{"line":36,"column":57}},"38":{"start":{"line":39,"column":0},"end":{"line":39,"column":2}},"40":{"start":{"line":41,"column":0},"end":{"line":41,"column":146}},"41":{"start":{"line":42,"column":0},"end":{"line":42,"column":100}}},"s":{"0":1,"1":1,"2":1,"3":1,"4":1,"5":1,"6":1,"7":1,"11":1,"12":1,"14":1,"15":1,"17":1,"18":1,"19":1,"20":1,"22":1,"24":1,"25":4,"26":4,"27":4,"28":4,"30":4,"31":4,"33":4,"35":4,"38":4,"40":1,"41":1},"branchMap":{"0":{"type":"branch","line":25,"loc":{"start":{"line":25,"column":28},"end":{"line":39,"column":2}},"locations":[{"start":{"line":25,"column":28},"end":{"line":39,"column":2}}]},"1":{"type":"branch","line":34,"loc":{"start":{"line":34,"column":12},"end":{"line":34,"column":34}},"locations":[{"start":{"line":34,"column":12},"end":{"line":34,"column":34}}]}},"b":{"0":[4],"1":[0]},"fnMap":{"0":{"name":"MyAwesomeApp","decl":{"start":{"line":25,"column":28},"end":{"line":39,"column":2}},"loc":{"start":{"line":25,"column":28},"end":{"line":39,"column":2}},"line":25}},"f":{"0":4}}
,"C:\\Users\\welin\\Github\\Personal\\course-react-zero-to-expert\\02-first-steps\\src\\main.tsx": {"path":"C:\\Users\\welin\\Github\\Personal\\course-react-zero-to-expert\\02-first-steps\\src\\main.tsx","all":true,"statementMap":{"0":{"start":{"line":1,"column":0},"end":{"line":1,"column":35}},"1":{"start":{"line":2,"column":0},"end":{"line":2,"column":46}},"2":{"start":{"line":3,"column":0},"end":{"line":3,"column":48}},"3":{"start":{"line":4,"column":0},"end":{"line":4,"column":49}},"5":{"start":{"line":6,"column":0},"end":{"line":6,"column":52}},"6":{"start":{"line":7,"column":0},"end":{"line":7,"column":14}},"7":{"start":{"line":8,"column":0},"end":{"line":8,"column":21}}},"s":{"0":0,"1":0,"2":0,"3":0,"5":0,"6":0,"7":0},"branchMap":{"0":{"type":"branch","line":1,"loc":{"start":{"line":1,"column":330},"end":{"line":11,"column":2}},"locations":[{"start":{"line":1,"column":330},"end":{"line":11,"column":2}}]}},"b":{"0":[0]},"fnMap":{"0":{"name":"(empty-report)","decl":{"start":{"line":1,"column":330},"end":{"line":11,"column":2}},"loc":{"start":{"line":1,"column":330},"end":{"line":11,"column":2}},"line":1}},"f":{"0":0}}
,"C:\\Users\\welin\\Github\\Personal\\course-react-zero-to-expert\\02-first-steps\\src\\helpers\\math.helper.ts": {"path":"C:\\Users\\welin\\Github\\Personal\\course-react-zero-to-expert\\02-first-steps\\src\\helpers\\math.helper.ts","all":false,"statementMap":{"0":{"start":{"line":1,"column":0},"end":{"line":1,"column":46}},"1":{"start":{"line":2,"column":0},"end":{"line":2,"column":11}},"2":{"start":{"line":3,"column":0},"end":{"line":3,"column":15}},"3":{"start":{"line":4,"column":0},"end":{"line":4,"column":2}},"5":{"start":{"line":6,"column":0},"end":{"line":6,"column":51}},"6":{"start":{"line":7,"column":0},"end":{"line":7,"column":15}},"7":{"start":{"line":8,"column":0},"end":{"line":8,"column":2}},"9":{"start":{"line":10,"column":0},"end":{"line":10,"column":51}},"10":{"start":{"line":11,"column":0},"end":{"line":11,"column":15}},"11":{"start":{"line":12,"column":0},"end":{"line":12,"column":2}},"13":{"start":{"line":14,"column":0},"end":{"line":14,"column":49}},"14":{"start":{"line":15,"column":0},"end":{"line":15,"column":15}},"15":{"start":{"line":16,"column":0},"end":{"line":16,"column":2}}},"s":{"0":1,"1":2,"2":2,"3":2,"5":1,"6":2,"7":2,"9":1,"10":2,"11":2,"13":1,"14":1,"15":1},"branchMap":{"0":{"type":"branch","line":1,"loc":{"start":{"line":1,"column":19},"end":{"line":4,"column":2}},"locations":[{"start":{"line":1,"column":19},"end":{"line":4,"column":2}}]},"1":{"type":"branch","line":6,"loc":{"start":{"line":6,"column":24},"end":{"line":8,"column":2}},"locations":[{"start":{"line":6,"column":24},"end":{"line":8,"column":2}}]},"2":{"type":"branch","line":10,"loc":{"start":{"line":10,"column":24},"end":{"line":12,"column":2}},"locations":[{"start":{"line":10,"column":24},"end":{"line":12,"column":2}}]},"3":{"type":"branch","line":14,"loc":{"start":{"line":14,"column":22},"end":{"line":16,"column":2}},"locations":[{"start":{"line":14,"column":22},"end":{"line":16,"column":2}}]}},"b":{"0":[2],"1":[2],"2":[2],"3":[1]},"fnMap":{"0":{"name":"add","decl":{"start":{"line":1,"column":19},"end":{"line":4,"column":2}},"loc":{"start":{"line":1,"column":19},"end":{"line":4,"column":2}},"line":1},"1":{"name":"subtract","decl":{"start":{"line":6,"column":24},"end":{"line":8,"column":2}},"loc":{"start":{"line":6,"column":24},"end":{"line":8,"column":2}},"line":6},"2":{"name":"multiply","decl":{"start":{"line":10,"column":24},"end":{"line":12,"column":2}},"loc":{"start":{"line":10,"column":24},"end":{"line":12,"column":2}},"line":10},"3":{"name":"divide","decl":{"start":{"line":14,"column":22},"end":{"line":16,"column":2}},"loc":{"start":{"line":14,"column":22},"end":{"line":16,"column":2}},"line":14}},"f":{"0":2,"1":2,"2":2,"3":1}}
,"C:\\Users\\welin\\Github\\Personal\\course-react-zero-to-expert\\02-first-steps\\src\\shopping-cart\\ItemCounter.tsx": {"path":"C:\\Users\\welin\\Github\\Personal\\course-react-zero-to-expert\\02-first-steps\\src\\shopping-cart\\ItemCounter.tsx","all":false,"statementMap":{"0":{"start":{"line":1,"column":0},"end":{"line":1,"column":33}},"2":{"start":{"line":3,"column":0},"end":{"line":3,"column":30}},"3":{"start":{"line":4,"column":0},"end":{"line":4,"column":46}},"10":{"start":{"line":11,"column":0},"end":{"line":11,"column":63}},"11":{"start":{"line":12,"column":0},"end":{"line":12,"column":55}},"13":{"start":{"line":14,"column":0},"end":{"line":14,"column":27}},"14":{"start":{"line":15,"column":0},"end":{"line":15,"column":24}},"15":{"start":{"line":16,"column":0},"end":{"line":16,"column":4}},"17":{"start":{"line":18,"column":0},"end":{"line":18,"column":32}},"18":{"start":{"line":19,"column":0},"end":{"line":19,"column":39}},"19":{"start":{"line":20,"column":0},"end":{"line":20,"column":4}},"21":{"start":{"line":22,"column":0},"end":{"line":22,"column":10}},"22":{"start":{"line":23,"column":0},"end":{"line":23,"column":40}},"23":{"start":{"line":24,"column":0},"end":{"line":24,"column":91}},"24":{"start":{"line":25,"column":0},"end":{"line":25,"column":14}},"26":{"start":{"line":27,"column":0},"end":{"line":27,"column":45}},"27":{"start":{"line":28,"column":0},"end":{"line":28,"column":26}},"28":{"start":{"line":29,"column":0},"end":{"line":29,"column":50}},"31":{"start":{"line":32,"column":0},"end":{"line":32,"column":2}},"33":{"start":{"line":34,"column":0},"end":{"line":34,"column":81}},"34":{"start":{"line":35,"column":0},"end":{"line":35,"column":86}},"36":{"start":{"line":37,"column":0},"end":{"line":37,"column":29}},"37":{"start":{"line":38,"column":0},"end":{"line":38,"column":8}},"38":{"start":{"line":39,"column":0},"end":{"line":39,"column":24}},"39":{"start":{"line":40,"column":0},"end":{"line":40,"column":26}},"40":{"start":{"line":41,"column":0},"end":{"line":41,"column":6}},"42":{"start":{"line":43,"column":0},"end":{"line":43,"column":40}}},"s":{"0":1,"2":1,"3":1,"10":1,"11":9,"13":9,"14":1,"15":1,"17":9,"18":2,"19":2,"21":9,"22":9,"23":9,"24":9,"26":9,"27":9,"28":9,"31":9,"33":1,"34":1,"36":1,"37":1,"38":1,"39":1,"40":1,"42":1},"branchMap":{"0":{"type":"branch","line":11,"loc":{"start":{"line":11,"column":27},"end":{"line":32,"column":2}},"locations":[{"start":{"line":11,"column":27},"end":{"line":32,"column":2}}]},"1":{"type":"branch","line":24,"loc":{"start":{"line":24,"column":68},"end":{"line":24,"column":82}},"locations":[{"start":{"line":24,"column":68},"end":{"line":24,"column":82}}]},"2":{"type":"branch","line":24,"loc":{"start":{"line":24,"column":72},"end":{"line":24,"column":88}},"locations":[{"start":{"line":24,"column":72},"end":{"line":24,"column":88}}]},"3":{"type":"branch","line":14,"loc":{"start":{"line":14,"column":20},"end":{"line":16,"column":4}},"locations":[{"start":{"line":14,"column":20},"end":{"line":16,"column":4}}]},"4":{"type":"branch","line":18,"loc":{"start":{"line":18,"column":25},"end":{"line":20,"column":4}},"locations":[{"start":{"line":18,"column":25},"end":{"line":20,"column":4}}]},"5":{"type":"branch","line":19,"loc":{"start":{"line":19,"column":19},"end":{"line":19,"column":39}},"locations":[{"start":{"line":19,"column":19},"end":{"line":19,"column":39}}]}},"b":{"0":[9],"1":[7],"2":[2],"3":[1],"4":[2],"5":[1]},"fnMap":{"0":{"name":"ItemCounter","decl":{"start":{"line":11,"column":27},"end":{"line":32,"column":2}},"loc":{"start":{"line":11,"column":27},"end":{"line":32,"column":2}},"line":11},"1":{"name":"handleAdd","decl":{"start":{"line":14,"column":20},"end":{"line":16,"column":4}},"loc":{"start":{"line":14,"column":20},"end":{"line":16,"column":4}},"line":14},"2":{"name":"handleSubtract","decl":{"start":{"line":18,"column":25},"end":{"line":20,"column":4}},"loc":{"start":{"line":18,"column":25},"end":{"line":20,"column":4}},"line":18}},"f":{"0":9,"1":1,"2":2}}
}
