{"C:\\Users\\welin\\Github\\Personal\\course-react-zero-to-expert\\my-lab\\accordion-faq\\src\\Accordion.constant.ts": {"path":"C:\\Users\\welin\\Github\\Personal\\course-react-zero-to-expert\\my-lab\\accordion-faq\\src\\Accordion.constant.ts","all":false,"statementMap":{"2":{"start":{"line":3,"column":0},"end":{"line":3,"column":37}},"3":{"start":{"line":4,"column":0},"end":{"line":4,"column":3}},"4":{"start":{"line":5,"column":0},"end":{"line":5,"column":10}},"5":{"start":{"line":6,"column":0},"end":{"line":6,"column":31}},"6":{"start":{"line":7,"column":0},"end":{"line":7,"column":11}},"7":{"start":{"line":8,"column":0},"end":{"line":8,"column":159}},"8":{"start":{"line":9,"column":0},"end":{"line":9,"column":4}},"9":{"start":{"line":10,"column":0},"end":{"line":10,"column":3}},"10":{"start":{"line":11,"column":0},"end":{"line":11,"column":10}},"11":{"start":{"line":12,"column":0},"end":{"line":12,"column":32}},"12":{"start":{"line":13,"column":0},"end":{"line":13,"column":11}},"13":{"start":{"line":14,"column":0},"end":{"line":14,"column":172}},"14":{"start":{"line":15,"column":0},"end":{"line":15,"column":4}},"15":{"start":{"line":16,"column":0},"end":{"line":16,"column":3}},"16":{"start":{"line":17,"column":0},"end":{"line":17,"column":10}},"17":{"start":{"line":18,"column":0},"end":{"line":18,"column":46}},"18":{"start":{"line":19,"column":0},"end":{"line":19,"column":11}},"19":{"start":{"line":20,"column":0},"end":{"line":20,"column":198}},"20":{"start":{"line":21,"column":0},"end":{"line":21,"column":29}},"21":{"start":{"line":22,"column":0},"end":{"line":22,"column":4}},"22":{"start":{"line":23,"column":0},"end":{"line":23,"column":2}},"24":{"start":{"line":25,"column":0},"end":{"line":25,"column":39}},"25":{"start":{"line":26,"column":0},"end":{"line":26,"column":10}},"26":{"start":{"line":27,"column":0},"end":{"line":27,"column":43}},"27":{"start":{"line":28,"column":0},"end":{"line":28,"column":56}},"28":{"start":{"line":29,"column":0},"end":{"line":29,"column":2}},"30":{"start":{"line":31,"column":0},"end":{"line":31,"column":53}}},"s":{"2":1,"3":1,"4":1,"5":1,"6":1,"7":1,"8":1,"9":1,"10":1,"11":1,"12":1,"13":1,"14":1,"15":1,"16":1,"17":1,"18":1,"19":1,"20":1,"21":1,"22":1,"24":1,"25":1,"26":1,"27":1,"28":1,"30":1},"branchMap":{},"b":{},"fnMap":{},"f":{}}
,"C:\\Users\\welin\\Github\\Personal\\course-react-zero-to-expert\\my-lab\\accordion-faq\\src\\Accordion.interface.ts": {"path":"C:\\Users\\welin\\Github\\Personal\\course-react-zero-to-expert\\my-lab\\accordion-faq\\src\\Accordion.interface.ts","all":true,"statementMap":{},"s":{},"branchMap":{"0":{"type":"branch","line":1,"loc":{"start":{"line":1,"column":111},"end":{"line":6,"column":1}},"locations":[{"start":{"line":1,"column":111},"end":{"line":6,"column":1}}]}},"b":{"0":[1]},"fnMap":{"0":{"name":"(empty-report)","decl":{"start":{"line":1,"column":111},"end":{"line":6,"column":1}},"loc":{"start":{"line":1,"column":111},"end":{"line":6,"column":1}},"line":1}},"f":{"0":1}}
,"C:\\Users\\welin\\Github\\Personal\\course-react-zero-to-expert\\my-lab\\accordion-faq\\src\\Accordion.tsx": {"path":"C:\\Users\\welin\\Github\\Personal\\course-react-zero-to-expert\\my-lab\\accordion-faq\\src\\Accordion.tsx","all":false,"statementMap":{"0":{"start":{"line":1,"column":0},"end":{"line":1,"column":63}},"1":{"start":{"line":2,"column":0},"end":{"line":2,"column":49}},"3":{"start":{"line":4,"column":0},"end":{"line":4,"column":44}},"5":{"start":{"line":6,"column":0},"end":{"line":6,"column":32}},"6":{"start":{"line":7,"column":0},"end":{"line":7,"column":10}},"7":{"start":{"line":8,"column":0},"end":{"line":8,"column":6}},"8":{"start":{"line":9,"column":0},"end":{"line":9,"column":64}},"9":{"start":{"line":10,"column":0},"end":{"line":10,"column":37}},"10":{"start":{"line":11,"column":0},"end":{"line":11,"column":34}},"11":{"start":{"line":12,"column":0},"end":{"line":12,"column":51}},"16":{"start":{"line":17,"column":0},"end":{"line":17,"column":2}}},"s":{"0":1,"1":1,"3":1,"5":1,"6":5,"7":5,"8":5,"9":5,"10":5,"11":5,"16":5},"branchMap":{"0":{"type":"branch","line":6,"loc":{"start":{"line":6,"column":25},"end":{"line":17,"column":2}},"locations":[{"start":{"line":6,"column":25},"end":{"line":17,"column":2}}]}},"b":{"0":[5]},"fnMap":{"0":{"name":"Accordion","decl":{"start":{"line":6,"column":25},"end":{"line":17,"column":2}},"loc":{"start":{"line":6,"column":25},"end":{"line":17,"column":2}},"line":6}},"f":{"0":5}}
,"C:\\Users\\welin\\Github\\Personal\\course-react-zero-to-expert\\my-lab\\accordion-faq\\src\\main.tsx": {"path":"C:\\Users\\welin\\Github\\Personal\\course-react-zero-to-expert\\my-lab\\accordion-faq\\src\\main.tsx","all":true,"statementMap":{"0":{"start":{"line":1,"column":0},"end":{"line":1,"column":35}},"1":{"start":{"line":2,"column":0},"end":{"line":2,"column":46}},"3":{"start":{"line":4,"column":0},"end":{"line":4,"column":21}},"4":{"start":{"line":5,"column":0},"end":{"line":5,"column":36}},"6":{"start":{"line":7,"column":0},"end":{"line":7,"column":52}},"7":{"start":{"line":8,"column":0},"end":{"line":8,"column":14}},"8":{"start":{"line":9,"column":0},"end":{"line":9,"column":17}}},"s":{"0":0,"1":0,"3":0,"4":0,"6":0,"7":0,"8":0},"branchMap":{"0":{"type":"branch","line":1,"loc":{"start":{"line":1,"column":248},"end":{"line":11,"column":2}},"locations":[{"start":{"line":1,"column":248},"end":{"line":11,"column":2}}]}},"b":{"0":[0]},"fnMap":{"0":{"name":"(empty-report)","decl":{"start":{"line":1,"column":248},"end":{"line":11,"column":2}},"loc":{"start":{"line":1,"column":248},"end":{"line":11,"column":2}},"line":1}},"f":{"0":0}}
,"C:\\Users\\welin\\Github\\Personal\\course-react-zero-to-expert\\my-lab\\accordion-faq\\src\\accordion-item\\AccordionItem.tsx": {"path":"C:\\Users\\welin\\Github\\Personal\\course-react-zero-to-expert\\my-lab\\accordion-faq\\src\\accordion-item\\AccordionItem.tsx","all":false,"statementMap":{"0":{"start":{"line":1,"column":0},"end":{"line":1,"column":33}},"2":{"start":{"line":3,"column":0},"end":{"line":3,"column":48}},"3":{"start":{"line":4,"column":0},"end":{"line":4,"column":57}},"5":{"start":{"line":6,"column":0},"end":{"line":6,"column":103}},"6":{"start":{"line":7,"column":0},"end":{"line":7,"column":46}},"8":{"start":{"line":9,"column":0},"end":{"line":9,"column":25}},"9":{"start":{"line":10,"column":0},"end":{"line":10,"column":23}},"10":{"start":{"line":11,"column":0},"end":{"line":11,"column":4}},"12":{"start":{"line":13,"column":0},"end":{"line":13,"column":79}},"13":{"start":{"line":14,"column":0},"end":{"line":14,"column":10}},"14":{"start":{"line":15,"column":0},"end":{"line":15,"column":6}},"15":{"start":{"line":16,"column":0},"end":{"line":16,"column":10}},"16":{"start":{"line":17,"column":0},"end":{"line":17,"column":35}},"17":{"start":{"line":18,"column":0},"end":{"line":18,"column":36}},"18":{"start":{"line":19,"column":0},"end":{"line":19,"column":45}},"19":{"start":{"line":20,"column":0},"end":{"line":20,"column":25}},"21":{"start":{"line":22,"column":0},"end":{"line":22,"column":40}},"22":{"start":{"line":23,"column":0},"end":{"line":23,"column":26}},"24":{"start":{"line":25,"column":0},"end":{"line":25,"column":56}},"25":{"start":{"line":26,"column":0},"end":{"line":26,"column":51}},"30":{"start":{"line":31,"column":0},"end":{"line":31,"column":2}}},"s":{"0":1,"2":1,"3":1,"5":1,"6":5,"8":5,"9":1,"10":1,"12":5,"13":5,"14":5,"15":5,"16":5,"17":5,"18":5,"19":5,"21":5,"22":5,"24":5,"25":5,"30":5},"branchMap":{"0":{"type":"branch","line":6,"loc":{"start":{"line":6,"column":29},"end":{"line":31,"column":2}},"locations":[{"start":{"line":6,"column":29},"end":{"line":31,"column":2}}]},"1":{"type":"branch","line":13,"loc":{"start":{"line":13,"column":41},"end":{"line":13,"column":61}},"locations":[{"start":{"line":13,"column":41},"end":{"line":13,"column":61}}]},"2":{"type":"branch","line":13,"loc":{"start":{"line":13,"column":61},"end":{"line":13,"column":76}},"locations":[{"start":{"line":13,"column":61},"end":{"line":13,"column":76}}]},"3":{"type":"branch","line":9,"loc":{"start":{"line":9,"column":18},"end":{"line":11,"column":4}},"locations":[{"start":{"line":9,"column":18},"end":{"line":11,"column":4}}]}},"b":{"0":[5],"1":[1],"2":[4],"3":[1]},"fnMap":{"0":{"name":"AccordionItem","decl":{"start":{"line":6,"column":29},"end":{"line":31,"column":2}},"loc":{"start":{"line":6,"column":29},"end":{"line":31,"column":2}},"line":6},"1":{"name":"onClick","decl":{"start":{"line":9,"column":18},"end":{"line":11,"column":4}},"loc":{"start":{"line":9,"column":18},"end":{"line":11,"column":4}},"line":9}},"f":{"0":5,"1":1}}
}
